<?xml version="1.0" encoding="UTF-8"?>
<!-- Generated by org.testng.reporters.JUnitReportReporter -->
<testsuite hostname="Sandesh" failures="0" tests="1" name="OrangeHRM.pages.HomePageTest" time="14.623" errors="0" timestamp="2023-09-08T22:44:12 IST" skipped="0">
  <testcase classname="OrangeHRM.pages.HomePageTest" name="pim" time="14.623"/>
</testsuite> <!-- OrangeHRM.pages.HomePageTest -->
