<?xml version="1.0" encoding="UTF-8"?>
<!-- Generated by org.testng.reporters.JUnitReportReporter -->
<testsuite hostname="Sandesh" failures="0" tests="7" name="OrangeHRM.pages.LoginPageTest" time="67.690" errors="0" timestamp="2023-09-08T22:44:12 IST" skipped="0">
  <testcase classname="OrangeHRM.pages.LoginPageTest" name="loginPageTest" time="10.769"/>
  <testcase classname="OrangeHRM.pages.LoginPageTest" name="verifyWithInvadidUsername" time="11.286"/>
  <testcase classname="OrangeHRM.pages.LoginPageTest" name="verifyWithBlankUsername" time="6.655"/>
  <testcase classname="OrangeHRM.pages.LoginPageTest" name="verifyWithBlankPassword" time="7.802"/>
  <testcase classname="OrangeHRM.pages.LoginPageTest" name="verifyWithInvalidPassword" time="10.014"/>
  <testcase classname="OrangeHRM.pages.LoginPageTest" name="verifyLoginWithInvalidCredentials" time="8.141"/>
  <testcase classname="OrangeHRM.pages.LoginPageTest" name="verifyLoginWithBlankCredentials" time="13.023"/>
</testsuite> <!-- OrangeHRM.pages.LoginPageTest -->
